npm verbose cli C:\PROGRA~1\nodejs\node.exe C:\PROGRA~1\nodejs\node_modules\npm\bin\npm-cli.js
npm info using npm@11.12.1
npm info using node@v24.15.0
npm verbose title npm install
npm verbose argv "install" "--loglevel" "verbose"
npm verbose logfile logs-max:10 dir:C:\Users\henri\AppData\Local\npm-cache\_logs\2026-05-14T14_21_24_663Z-
npm verbose logfile C:\Users\henri\AppData\Local\npm-cache\_logs\2026-05-14T14_21_24_663Z-debug-0.log
npm http cache @vitejs/plugin-react@https://registry.npmjs.com/@vitejs/plugin-react/-/plugin-react-4.5.0.tgz 0ms (cache hit)
npm http cache chownr@https://registry.npmjs.com/chownr/-/chownr-3.0.0.tgz 0ms (cache hit)
npm http cache @typescript-eslint/visitor-keys@https://registry.npmjs.com/@typescript-eslint/visitor-keys/-/visitor-keys-8.33.0.tgz 0ms (cache hit)
npm http cache @typescript-eslint/utils@https://registry.npmjs.com/@typescript-eslint/utils/-/utils-8.33.0.tgz 0ms (cache hit)
npm http cache @typescript-eslint/typescript-estree@https://registry.npmjs.com/@typescript-eslint/typescript-estree/-/typescript-estree-8.33.0.tgz 0ms (cache hit)
npm http cache @typescript-eslint/type-utils@https://registry.npmjs.com/@typescript-eslint/type-utils/-/type-utils-8.33.0.tgz 0ms (cache hit)
npm http cache @typescript-eslint/types@https://registry.npmjs.com/@typescript-eslint/types/-/types-8.33.0.tgz 0ms (cache hit)
npm http cache @typescript-eslint/tsconfig-utils@https://registry.npmjs.com/@typescript-eslint/tsconfig-utils/-/tsconfig-utils-8.33.0.tgz 0ms (cache hit)
npm http cache @typescript-eslint/scope-manager@https://registry.npmjs.com/@typescript-eslint/scope-manager/-/scope-manager-8.33.0.tgz 0ms (cache hit)
npm http cache @types/react-dom@https://registry.npmjs.com/@types/react-dom/-/react-dom-19.1.5.tgz 0ms (cache hit)
npm http cache @typescript-eslint/parser@https://registry.npmjs.com/@typescript-eslint/parser/-/parser-8.33.0.tgz 0ms (cache hit)
npm http cache @types/react@https://registry.npmjs.com/@types/react/-/react-19.1.6.tgz 0ms (cache hit)
npm http cache @typescript-eslint/project-service@https://registry.npmjs.com/@typescript-eslint/project-service/-/project-service-8.33.0.tgz 0ms (cache hit)
npm http cache @typescript-eslint/eslint-plugin@https://registry.npmjs.com/@typescript-eslint/eslint-plugin/-/eslint-plugin-8.33.0.tgz 0ms (cache hit)
npm http cache @types/estree@https://registry.npmjs.com/@types/estree/-/estree-1.0.7.tgz 0ms (cache hit)
npm http cache @types/node@https://registry.npmjs.com/@types/node/-/node-22.15.29.tgz 0ms (cache hit)
npm http cache @types/d3-time@https://registry.npmjs.com/@types/d3-time/-/d3-time-3.0.4.tgz 0ms (cache hit)
npm http cache @types/d3-timer@https://registry.npmjs.com/@types/d3-timer/-/d3-timer-3.0.2.tgz 0ms (cache hit)
npm http cache @types/json-schema@https://registry.npmjs.com/@types/json-schema/-/json-schema-7.0.15.tgz 0ms (cache hit)
npm http cache @types/d3-shape@https://registry.npmjs.com/@types/d3-shape/-/d3-shape-3.1.7.tgz 0ms (cache hit)
npm http cache @types/d3-scale@https://registry.npmjs.com/@types/d3-scale/-/d3-scale-4.0.9.tgz 0ms (cache hit)
npm http cache @types/d3-path@https://registry.npmjs.com/@types/d3-path/-/d3-path-3.1.1.tgz 0ms (cache hit)
npm http cache @types/d3-ease@https://registry.npmjs.com/@types/d3-ease/-/d3-ease-3.0.2.tgz 0ms (cache hit)
npm http cache @types/d3-interpolate@https://registry.npmjs.com/@types/d3-interpolate/-/d3-interpolate-3.0.4.tgz 0ms (cache hit)
npm http cache @types/d3-color@https://registry.npmjs.com/@types/d3-color/-/d3-color-3.1.3.tgz 0ms (cache hit)
npm http cache @types/d3-array@https://registry.npmjs.com/@types/d3-array/-/d3-array-3.2.1.tgz 0ms (cache hit)
npm http cache @types/babel__template@https://registry.npmjs.com/@types/babel__template/-/babel__template-7.4.4.tgz 0ms (cache hit)
npm http cache @types/babel__generator@https://registry.npmjs.com/@types/babel__generator/-/babel__generator-7.27.0.tgz 0ms (cache hit)
npm http cache @tailwindcss/vite@https://registry.npmjs.com/@tailwindcss/vite/-/vite-4.1.8.tgz 0ms (cache hit)
npm http cache @types/babel__traverse@https://registry.npmjs.com/@types/babel__traverse/-/babel__traverse-7.20.7.tgz 0ms (cache hit)
npm http cache @types/babel__core@https://registry.npmjs.com/@types/babel__core/-/babel__core-7.20.5.tgz 0ms (cache hit)
npm http cache @tailwindcss/oxide-win32-x64-msvc@https://registry.npmjs.com/@tailwindcss/oxide-win32-x64-msvc/-/oxide-win32-x64-msvc-4.1.8.tgz 0ms (cache hit)
npm http cache @tailwindcss/oxide@https://registry.npmjs.com/@tailwindcss/oxide/-/oxide-4.1.8.tgz 0ms (cache hit)
npm http cache @tailwindcss/node@https://registry.npmjs.com/@tailwindcss/node/-/node-4.1.8.tgz 0ms (cache hit)
npm http cache @standard-schema/utils@https://registry.npmjs.com/@standard-schema/utils/-/utils-0.3.0.tgz 0ms (cache hit)
npm http cache @rollup/rollup-win32-x64-msvc@https://registry.npmjs.com/@rollup/rollup-win32-x64-msvc/-/rollup-win32-x64-msvc-4.41.1.tgz 0ms (cache hit)
npm http cache @rolldown/pluginutils@https://registry.npmjs.com/@rolldown/pluginutils/-/pluginutils-1.0.0-beta.9.tgz 0ms (cache hit)
npm http cache @radix-ui/react-use-layout-effect@https://registry.npmjs.com/@radix-ui/react-use-layout-effect/-/react-use-layout-effect-1.1.1.tgz 0ms (cache hit)
npm http cache @radix-ui/react-use-is-hydrated@https://registry.npmjs.com/@radix-ui/react-use-is-hydrated/-/react-use-is-hydrated-0.1.0.tgz 0ms (cache hit)
npm http cache @radix-ui/react-use-escape-keydown@https://registry.npmjs.com/@radix-ui/react-use-escape-keydown/-/react-use-escape-keydown-1.1.1.tgz 0ms (cache hit)
npm http cache @radix-ui/react-use-effect-event@https://registry.npmjs.com/@radix-ui/react-use-effect-event/-/react-use-effect-event-0.0.2.tgz 0ms (cache hit)
npm http cache @radix-ui/react-use-controllable-state@https://registry.npmjs.com/@radix-ui/react-use-controllable-state/-/react-use-controllable-state-1.2.2.tgz 0ms (cache hit)
npm http cache @radix-ui/react-use-callback-ref@https://registry.npmjs.com/@radix-ui/react-use-callback-ref/-/react-use-callback-ref-1.1.1.tgz 0ms (cache hit)
npm http cache @radix-ui/react-primitive@https://registry.npmjs.com/@radix-ui/react-primitive/-/react-primitive-2.1.3.tgz 0ms (cache hit)
npm http cache @radix-ui/react-slot@https://registry.npmjs.com/@radix-ui/react-slot/-/react-slot-1.2.3.tgz 0ms (cache hit)
npm http cache @radix-ui/react-label@https://registry.npmjs.com/@radix-ui/react-label/-/react-label-2.1.7.tgz 0ms (cache hit)
npm http cache @radix-ui/react-separator@https://registry.npmjs.com/@radix-ui/react-separator/-/react-separator-1.1.7.tgz 0ms (cache hit)
npm http cache @radix-ui/react-portal@https://registry.npmjs.com/@radix-ui/react-portal/-/react-portal-1.1.9.tgz 0ms (cache hit)
npm http cache @radix-ui/react-presence@https://registry.npmjs.com/@radix-ui/react-presence/-/react-presence-1.1.4.tgz 0ms (cache hit)
npm http cache @radix-ui/react-id@https://registry.npmjs.com/@radix-ui/react-id/-/react-id-1.1.1.tgz 0ms (cache hit)
npm http cache @radix-ui/react-focus-scope@https://registry.npmjs.com/@radix-ui/react-focus-scope/-/react-focus-scope-1.1.7.tgz 0ms (cache hit)
npm http cache @radix-ui/react-dismissable-layer@https://registry.npmjs.com/@radix-ui/react-dismissable-layer/-/react-dismissable-layer-1.1.10.tgz 0ms (cache hit)
npm http cache @radix-ui/react-dialog@https://registry.npmjs.com/@radix-ui/react-dialog/-/react-dialog-1.1.14.tgz 0ms (cache hit)
npm http cache @radix-ui/react-focus-guards@https://registry.npmjs.com/@radix-ui/react-focus-guards/-/react-focus-guards-1.1.2.tgz 0ms (cache hit)
npm http cache @radix-ui/react-compose-refs@https://registry.npmjs.com/@radix-ui/react-compose-refs/-/react-compose-refs-1.1.2.tgz 0ms (cache hit)
npm http cache @radix-ui/react-context@https://registry.npmjs.com/@radix-ui/react-context/-/react-context-1.1.2.tgz 0ms (cache hit)
npm http cache @radix-ui/react-avatar@https://registry.npmjs.com/@radix-ui/react-avatar/-/react-avatar-1.1.10.tgz 0ms (cache hit)
npm http cache @radix-ui/primitive@https://registry.npmjs.com/@radix-ui/primitive/-/primitive-1.1.2.tgz 0ms (cache hit)
npm http cache @nodelib/fs.walk@https://registry.npmjs.com/@nodelib/fs.walk/-/fs.walk-1.2.8.tgz 0ms (cache hit)
npm http cache @nodelib/fs.stat@https://registry.npmjs.com/@nodelib/fs.stat/-/fs.stat-2.0.5.tgz 0ms (cache hit)
npm http cache @nodelib/fs.scandir@https://registry.npmjs.com/@nodelib/fs.scandir/-/fs.scandir-2.1.5.tgz 0ms (cache hit)
npm http cache @jridgewell/sourcemap-codec@https://registry.npmjs.com/@jridgewell/sourcemap-codec/-/sourcemap-codec-1.5.0.tgz 0ms (cache hit)
npm http cache @jridgewell/trace-mapping@https://registry.npmjs.com/@jridgewell/trace-mapping/-/trace-mapping-0.3.25.tgz 0ms (cache hit)
npm http cache @isaacs/fs-minipass@https://registry.npmjs.com/@isaacs/fs-minipass/-/fs-minipass-4.0.1.tgz 0ms (cache hit)
npm http cache @jridgewell/set-array@https://registry.npmjs.com/@jridgewell/set-array/-/set-array-1.2.1.tgz 0ms (cache hit)
npm http cache @jridgewell/resolve-uri@https://registry.npmjs.com/@jridgewell/resolve-uri/-/resolve-uri-3.1.2.tgz 0ms (cache hit)
npm http cache @hookform/resolvers@https://registry.npmjs.com/@hookform/resolvers/-/resolvers-5.0.1.tgz 0ms (cache hit)
npm http cache @jridgewell/gen-mapping@https://registry.npmjs.com/@jridgewell/gen-mapping/-/gen-mapping-0.3.8.tgz 0ms (cache hit)
npm http cache @humanfs/node@https://registry.npmjs.com/@humanfs/node/-/node-0.16.6.tgz 0ms (cache hit)
npm http cache @humanfs/core@https://registry.npmjs.com/@humanfs/core/-/core-0.19.1.tgz 0ms (cache hit)
npm http cache @fontsource/roboto@https://registry.npmjs.com/@fontsource/roboto/-/roboto-5.2.5.tgz 0ms (cache hit)
npm http cache @humanwhocodes/retry@https://registry.npmjs.com/@humanwhocodes/retry/-/retry-0.4.3.tgz 0ms (cache hit)
npm http cache @humanwhocodes/module-importer@https://registry.npmjs.com/@humanwhocodes/module-importer/-/module-importer-1.0.1.tgz 0ms (cache hit)
npm http cache @eslint-community/regexpp@https://registry.npmjs.com/@eslint-community/regexpp/-/regexpp-4.12.1.tgz 0ms (cache hit)
npm http cache @eslint-community/eslint-utils@https://registry.npmjs.com/@eslint-community/eslint-utils/-/eslint-utils-4.7.0.tgz 0ms (cache hit)
npm http cache @eslint/plugin-kit@https://registry.npmjs.com/@eslint/plugin-kit/-/plugin-kit-0.3.1.tgz 0ms (cache hit)
npm http cache @eslint/js@https://registry.npmjs.com/@eslint/js/-/js-9.28.0.tgz 0ms (cache hit)
npm http cache @eslint/object-schema@https://registry.npmjs.com/@eslint/object-schema/-/object-schema-2.1.6.tgz 0ms (cache hit)
npm http cache @eslint/core@https://registry.npmjs.com/@eslint/core/-/core-0.14.0.tgz 0ms (cache hit)
npm http cache @eslint/eslintrc@https://registry.npmjs.com/@eslint/eslintrc/-/eslintrc-3.3.1.tgz 0ms (cache hit)
npm http cache @eslint/config-helpers@https://registry.npmjs.com/@eslint/config-helpers/-/config-helpers-0.2.2.tgz 0ms (cache hit)
npm http cache @esbuild/win32-x64@https://registry.npmjs.com/@esbuild/win32-x64/-/win32-x64-0.25.5.tgz 0ms (cache hit)
npm http cache @eslint/config-array@https://registry.npmjs.com/@eslint/config-array/-/config-array-0.20.0.tgz 0ms (cache hit)
npm http cache @babel/types@https://registry.npmjs.com/@babel/types/-/types-7.27.3.tgz 0ms (cache hit)
npm http cache @babel/traverse@https://registry.npmjs.com/@babel/traverse/-/traverse-7.27.4.tgz 0ms (cache hit)
npm http cache @babel/runtime@https://registry.npmjs.com/@babel/runtime/-/runtime-7.27.4.tgz 0ms (cache hit)
npm http cache @babel/template@https://registry.npmjs.com/@babel/template/-/template-7.27.2.tgz 0ms (cache hit)
npm http cache @babel/plugin-transform-react-jsx-source@https://registry.npmjs.com/@babel/plugin-transform-react-jsx-source/-/plugin-transform-react-jsx-source-7.27.1.tgz 0ms (cache hit)
npm http cache @babel/parser@https://registry.npmjs.com/@babel/parser/-/parser-7.27.4.tgz 0ms (cache hit)
npm http cache @babel/plugin-transform-react-jsx-self@https://registry.npmjs.com/@babel/plugin-transform-react-jsx-self/-/plugin-transform-react-jsx-self-7.27.1.tgz 0ms (cache hit)
npm http cache @babel/helpers@https://registry.npmjs.com/@babel/helpers/-/helpers-7.27.4.tgz 0ms (cache hit)
npm http cache @babel/helper-validator-option@https://registry.npmjs.com/@babel/helper-validator-option/-/helper-validator-option-7.27.1.tgz 0ms (cache hit)
npm http cache @babel/helper-string-parser@https://registry.npmjs.com/@babel/helper-string-parser/-/helper-string-parser-7.27.1.tgz 0ms (cache hit)
npm http cache @babel/helper-validator-identifier@https://registry.npmjs.com/@babel/helper-validator-identifier/-/helper-validator-identifier-7.27.1.tgz 0ms (cache hit)
npm http cache @babel/helper-plugin-utils@https://registry.npmjs.com/@babel/helper-plugin-utils/-/helper-plugin-utils-7.27.1.tgz 0ms (cache hit)
npm http cache @babel/helper-module-transforms@https://registry.npmjs.com/@babel/helper-module-transforms/-/helper-module-transforms-7.27.3.tgz 0ms (cache hit)
npm http cache @babel/helper-module-imports@https://registry.npmjs.com/@babel/helper-module-imports/-/helper-module-imports-7.27.1.tgz 0ms (cache hit)
npm http cache @babel/generator@https://registry.npmjs.com/@babel/generator/-/generator-7.27.3.tgz 0ms (cache hit)
npm http cache @babel/helper-compilation-targets@https://registry.npmjs.com/@babel/helper-compilation-targets/-/helper-compilation-targets-7.27.2.tgz 0ms (cache hit)
npm http cache @babel/compat-data@https://registry.npmjs.com/@babel/compat-data/-/compat-data-7.27.3.tgz 0ms (cache hit)
npm http cache @ampproject/remapping@https://registry.npmjs.com/@ampproject/remapping/-/remapping-2.3.0.tgz 0ms (cache hit)
npm http cache @babel/core@https://registry.npmjs.com/@babel/core/-/core-7.27.4.tgz 0ms (cache hit)
npm http cache @babel/code-frame@https://registry.npmjs.com/@babel/code-frame/-/code-frame-7.27.1.tgz 0ms (cache hit)
npm http cache zod@https://registry.npmjs.com/zod/-/zod-3.25.42.tgz 0ms (cache hit)
npm http cache yocto-queue@https://registry.npmjs.com/yocto-queue/-/yocto-queue-0.1.0.tgz 0ms (cache hit)
npm http cache word-wrap@https://registry.npmjs.com/word-wrap/-/word-wrap-1.2.5.tgz 0ms (cache hit)
npm http cache which@https://registry.npmjs.com/which/-/which-2.0.2.tgz 0ms (cache hit)
npm http cache vite@https://registry.npmjs.com/vite/-/vite-6.3.5.tgz 0ms (cache hit)
npm http cache use-sync-external-store@https://registry.npmjs.com/use-sync-external-store/-/use-sync-external-store-1.5.0.tgz 0ms (cache hit)
npm http cache victory-vendor@https://registry.npmjs.com/victory-vendor/-/victory-vendor-36.9.2.tgz 0ms (cache hit)
npm http cache yallist@https://registry.npmjs.com/yallist/-/yallist-3.1.1.tgz 0ms (cache hit)
npm http cache uri-js@https://registry.npmjs.com/uri-js/-/uri-js-4.4.1.tgz 0ms (cache hit)
npm http cache use-sidecar@https://registry.npmjs.com/use-sidecar/-/use-sidecar-1.1.3.tgz 0ms (cache hit)
npm http cache use-callback-ref@https://registry.npmjs.com/use-callback-ref/-/use-callback-ref-1.3.3.tgz 0ms (cache hit)
npm http cache typescript-eslint@https://registry.npmjs.com/typescript-eslint/-/typescript-eslint-8.33.0.tgz 0ms (cache hit)
npm http cache update-browserslist-db@https://registry.npmjs.com/update-browserslist-db/-/update-browserslist-db-1.1.3.tgz 0ms (cache hit)
npm http cache undici-types@https://registry.npmjs.com/undici-types/-/undici-types-6.21.0.tgz 0ms (cache hit)
npm http cache typescript@https://registry.npmjs.com/typescript/-/typescript-5.8.3.tgz 0ms (cache hit)
npm http cache type-check@https://registry.npmjs.com/type-check/-/type-check-0.4.0.tgz 0ms (cache hit)
npm http cache tslib@https://registry.npmjs.com/tslib/-/tslib-2.8.1.tgz 0ms (cache hit)
npm http cache tw-animate-css@https://registry.npmjs.com/tw-animate-css/-/tw-animate-css-1.3.2.tgz 0ms (cache hit)
npm http cache tinyglobby@https://registry.npmjs.com/tinyglobby/-/tinyglobby-0.2.14.tgz 0ms (cache hit)
npm http cache ts-api-utils@https://registry.npmjs.com/ts-api-utils/-/ts-api-utils-2.1.0.tgz 0ms (cache hit)
npm http cache tiny-invariant@https://registry.npmjs.com/tiny-invariant/-/tiny-invariant-1.3.3.tgz 0ms (cache hit)
npm http cache to-regex-range@https://registry.npmjs.com/to-regex-range/-/to-regex-range-5.0.1.tgz 0ms (cache hit)
npm http cache tapable@https://registry.npmjs.com/tapable/-/tapable-2.2.2.tgz 0ms (cache hit)
npm http cache tar@https://registry.npmjs.com/tar/-/tar-7.4.3.tgz 0ms (cache hit)
npm http cache supports-color@https://registry.npmjs.com/supports-color/-/supports-color-7.2.0.tgz 0ms (cache hit)
npm http cache tailwindcss@https://registry.npmjs.com/tailwindcss/-/tailwindcss-4.1.8.tgz 0ms (cache hit)
npm http cache tailwind-merge@https://registry.npmjs.com/tailwind-merge/-/tailwind-merge-3.3.0.tgz 1ms (cache hit)
npm http cache source-map-js@https://registry.npmjs.com/source-map-js/-/source-map-js-1.2.1.tgz 0ms (cache hit)
npm http cache shebang-command@https://registry.npmjs.com/shebang-command/-/shebang-command-2.0.0.tgz 0ms (cache hit)
npm http cache strip-json-comments@https://registry.npmjs.com/strip-json-comments/-/strip-json-comments-3.1.1.tgz 0ms (cache hit)
npm http cache shebang-regex@https://registry.npmjs.com/shebang-regex/-/shebang-regex-3.0.0.tgz 0ms (cache hit)
npm http cache semver@https://registry.npmjs.com/semver/-/semver-6.3.1.tgz 0ms (cache hit)
npm http cache scheduler@https://registry.npmjs.com/scheduler/-/scheduler-0.26.0.tgz 0ms (cache hit)
npm http cache rollup@https://registry.npmjs.com/rollup/-/rollup-4.41.1.tgz 0ms (cache hit)
npm http cache run-parallel@https://registry.npmjs.com/run-parallel/-/run-parallel-1.2.0.tgz 0ms (cache hit)
npm http cache reusify@https://registry.npmjs.com/reusify/-/reusify-1.1.0.tgz 0ms (cache hit)
npm http cache resolve-from@https://registry.npmjs.com/resolve-from/-/resolve-from-4.0.0.tgz 0ms (cache hit)
npm http cache set-cookie-parser@https://registry.npmjs.com/set-cookie-parser/-/set-cookie-parser-2.7.1.tgz 0ms (cache hit)
npm http cache recharts-scale@https://registry.npmjs.com/recharts-scale/-/recharts-scale-0.4.5.tgz 0ms (cache hit)
npm http cache react-transition-group@https://registry.npmjs.com/react-transition-group/-/react-transition-group-4.4.5.tgz 0ms (cache hit)
npm http cache react-style-singleton@https://registry.npmjs.com/react-style-singleton/-/react-style-singleton-2.2.3.tgz 0ms (cache hit)
npm http cache recharts@https://registry.npmjs.com/recharts/-/recharts-2.15.3.tgz 0ms (cache hit)
npm http cache react-router-dom@https://registry.npmjs.com/react-router-dom/-/react-router-dom-7.6.2.tgz 0ms (cache hit)
npm http cache react-smooth@https://registry.npmjs.com/react-smooth/-/react-smooth-4.0.4.tgz 0ms (cache hit)
npm http cache react-remove-scroll-bar@https://registry.npmjs.com/react-remove-scroll-bar/-/react-remove-scroll-bar-2.3.8.tgz 0ms (cache hit)
npm http cache react-router@https://registry.npmjs.com/react-router/-/react-router-7.6.2.tgz 0ms (cache hit)
npm http cache react-refresh@https://registry.npmjs.com/react-refresh/-/react-refresh-0.17.0.tgz 0ms (cache hit)
npm http cache react-remove-scroll@https://registry.npmjs.com/react-remove-scroll/-/react-remove-scroll-2.7.0.tgz 0ms (cache hit)
npm http cache react-is@https://registry.npmjs.com/react-is/-/react-is-18.3.1.tgz 0ms (cache hit)
npm http cache react-icons@https://registry.npmjs.com/react-icons/-/react-icons-5.5.0.tgz 0ms (cache hit)
npm http cache react-hook-form@https://registry.npmjs.com/react-hook-form/-/react-hook-form-7.56.4.tgz 0ms (cache hit)
npm http cache react-dom@https://registry.npmjs.com/react-dom/-/react-dom-19.1.0.tgz 0ms (cache hit)
npm http cache react@https://registry.npmjs.com/react/-/react-19.1.0.tgz 0ms (cache hit)
npm http cache queue-microtask@https://registry.npmjs.com/queue-microtask/-/queue-microtask-1.2.3.tgz 0ms (cache hit)
npm http cache punycode@https://registry.npmjs.com/punycode/-/punycode-2.3.1.tgz 0ms (cache hit)
npm http cache proxy-from-env@https://registry.npmjs.com/proxy-from-env/-/proxy-from-env-1.1.0.tgz 0ms (cache hit)
npm http cache prop-types@https://registry.npmjs.com/prop-types/-/prop-types-15.8.1.tgz 0ms (cache hit)
npm http cache postcss@https://registry.npmjs.com/postcss/-/postcss-8.5.4.tgz 0ms (cache hit)
npm http cache picomatch@https://registry.npmjs.com/picomatch/-/picomatch-2.3.1.tgz 0ms (cache hit)
npm http cache picocolors@https://registry.npmjs.com/picocolors/-/picocolors-1.1.1.tgz 0ms (cache hit)
npm http cache prelude-ls@https://registry.npmjs.com/prelude-ls/-/prelude-ls-1.2.1.tgz 0ms (cache hit)
npm http cache path-exists@https://registry.npmjs.com/path-exists/-/path-exists-4.0.0.tgz 0ms (cache hit)
npm http cache parent-module@https://registry.npmjs.com/parent-module/-/parent-module-1.0.1.tgz 0ms (cache hit)
npm http cache path-key@https://registry.npmjs.com/path-key/-/path-key-3.1.1.tgz 0ms (cache hit)
npm http cache p-limit@https://registry.npmjs.com/p-limit/-/p-limit-3.1.0.tgz 0ms (cache hit)
npm http cache optionator@https://registry.npmjs.com/optionator/-/optionator-0.9.4.tgz 0ms (cache hit)
npm http cache p-locate@https://registry.npmjs.com/p-locate/-/p-locate-5.0.0.tgz 0ms (cache hit)
npm http cache object-assign@https://registry.npmjs.com/object-assign/-/object-assign-4.1.1.tgz 0ms (cache hit)
npm http cache node-releases@https://registry.npmjs.com/node-releases/-/node-releases-2.0.19.tgz 0ms (cache hit)
npm http cache natural-compare@https://registry.npmjs.com/natural-compare/-/natural-compare-1.4.0.tgz 0ms (cache hit)
npm http cache nanoid@https://registry.npmjs.com/nanoid/-/nanoid-3.3.11.tgz 0ms (cache hit)
npm http cache mkdirp@https://registry.npmjs.com/mkdirp/-/mkdirp-3.0.1.tgz 0ms (cache hit)
npm http cache ms@https://registry.npmjs.com/ms/-/ms-2.1.3.tgz 0ms (cache hit)
npm http cache minizlib@https://registry.npmjs.com/minizlib/-/minizlib-3.0.2.tgz 0ms (cache hit)
npm http cache minimatch@https://registry.npmjs.com/minimatch/-/minimatch-3.1.2.tgz 0ms (cache hit)
npm http cache mime-types@https://registry.npmjs.com/mime-types/-/mime-types-2.1.35.tgz 0ms (cache hit)
npm http cache minipass@https://registry.npmjs.com/minipass/-/minipass-7.1.2.tgz 0ms (cache hit)
npm http cache mime-db@https://registry.npmjs.com/mime-db/-/mime-db-1.52.0.tgz 0ms (cache hit)
npm http cache micromatch@https://registry.npmjs.com/micromatch/-/micromatch-4.0.8.tgz 0ms (cache hit)
npm http cache merge2@https://registry.npmjs.com/merge2/-/merge2-1.4.1.tgz 0ms (cache hit)
npm http cache magic-string@https://registry.npmjs.com/magic-string/-/magic-string-0.30.17.tgz 0ms (cache hit)
npm http cache lucide-react@https://registry.npmjs.com/lucide-react/-/lucide-react-0.511.0.tgz 0ms (cache hit)
npm http cache math-intrinsics@https://registry.npmjs.com/math-intrinsics/-/math-intrinsics-1.1.0.tgz 0ms (cache hit)
npm http cache lru-cache@https://registry.npmjs.com/lru-cache/-/lru-cache-5.1.1.tgz 0ms (cache hit)
npm http cache loose-envify@https://registry.npmjs.com/loose-envify/-/loose-envify-1.4.0.tgz 0ms (cache hit)
npm http cache locate-path@https://registry.npmjs.com/locate-path/-/locate-path-6.0.0.tgz 0ms (cache hit)
npm http cache lodash@https://registry.npmjs.com/lodash/-/lodash-4.17.21.tgz 0ms (cache hit)
npm http cache lodash.merge@https://registry.npmjs.com/lodash.merge/-/lodash.merge-4.6.2.tgz 0ms (cache hit)
npm http cache lightningcss-win32-x64-msvc@https://registry.npmjs.com/lightningcss-win32-x64-msvc/-/lightningcss-win32-x64-msvc-1.30.1.tgz 0ms (cache hit)
npm http cache json5@https://registry.npmjs.com/json5/-/json5-2.2.3.tgz 0ms (cache hit)
npm http cache levn@https://registry.npmjs.com/levn/-/levn-0.4.1.tgz 0ms (cache hit)
npm http cache lightningcss@https://registry.npmjs.com/lightningcss/-/lightningcss-1.30.1.tgz 0ms (cache hit)
npm http cache keyv@https://registry.npmjs.com/keyv/-/keyv-4.5.4.tgz 0ms (cache hit)
npm http cache json-stable-stringify-without-jsonify@https://registry.npmjs.com/json-stable-stringify-without-jsonify/-/json-stable-stringify-without-jsonify-1.0.1.tgz 0ms (cache hit)
npm http cache json-buffer@https://registry.npmjs.com/json-buffer/-/json-buffer-3.0.1.tgz 0ms (cache hit)
npm http cache json-schema-traverse@https://registry.npmjs.com/json-schema-traverse/-/json-schema-traverse-0.4.1.tgz 0ms (cache hit)
npm http cache jsesc@https://registry.npmjs.com/jsesc/-/jsesc-3.1.0.tgz 0ms (cache hit)
npm http cache js-yaml@https://registry.npmjs.com/js-yaml/-/js-yaml-4.1.0.tgz 0ms (cache hit)
npm http cache jiti@https://registry.npmjs.com/jiti/-/jiti-2.4.2.tgz 0ms (cache hit)
npm http cache js-tokens@https://registry.npmjs.com/js-tokens/-/js-tokens-4.0.0.tgz 0ms (cache hit)
npm http cache isexe@https://registry.npmjs.com/isexe/-/isexe-2.0.0.tgz 0ms (cache hit)
npm http cache is-number@https://registry.npmjs.com/is-number/-/is-number-7.0.0.tgz 0ms (cache hit)
npm http cache is-glob@https://registry.npmjs.com/is-glob/-/is-glob-4.0.3.tgz 0ms (cache hit)
npm http cache import-fresh@https://registry.npmjs.com/import-fresh/-/import-fresh-3.3.1.tgz 0ms (cache hit)
npm http cache is-extglob@https://registry.npmjs.com/is-extglob/-/is-extglob-2.1.1.tgz 0ms (cache hit)
npm http cache internmap@https://registry.npmjs.com/internmap/-/internmap-2.0.3.tgz 0ms (cache hit)
npm http cache imurmurhash@https://registry.npmjs.com/imurmurhash/-/imurmurhash-0.1.4.tgz 0ms (cache hit)
npm http cache ignore@https://registry.npmjs.com/ignore/-/ignore-5.3.2.tgz 0ms (cache hit)
npm http cache hasown@https://registry.npmjs.com/hasown/-/hasown-2.0.2.tgz 0ms (cache hit)
npm http cache has-tostringtag@https://registry.npmjs.com/has-tostringtag/-/has-tostringtag-1.0.2.tgz 0ms (cache hit)
npm http cache has-symbols@https://registry.npmjs.com/has-symbols/-/has-symbols-1.1.0.tgz 0ms (cache hit)
npm http cache has-flag@https://registry.npmjs.com/has-flag/-/has-flag-4.0.0.tgz 0ms (cache hit)
npm http cache graphemer@https://registry.npmjs.com/graphemer/-/graphemer-1.4.0.tgz 0ms (cache hit)
npm http cache graceful-fs@https://registry.npmjs.com/graceful-fs/-/graceful-fs-4.2.11.tgz 0ms (cache hit)
npm http cache gopd@https://registry.npmjs.com/gopd/-/gopd-1.2.0.tgz 0ms (cache hit)
npm http cache globals@https://registry.npmjs.com/globals/-/globals-16.2.0.tgz 0ms (cache hit)
npm http cache glob-parent@https://registry.npmjs.com/glob-parent/-/glob-parent-6.0.2.tgz 0ms (cache hit)
npm http cache get-proto@https://registry.npmjs.com/get-proto/-/get-proto-1.0.1.tgz 0ms (cache hit)
npm http cache get-nonce@https://registry.npmjs.com/get-nonce/-/get-nonce-1.0.1.tgz 0ms (cache hit)
npm http cache function-bind@https://registry.npmjs.com/function-bind/-/function-bind-1.1.2.tgz 0ms (cache hit)
npm http cache get-intrinsic@https://registry.npmjs.com/get-intrinsic/-/get-intrinsic-1.3.0.tgz 0ms (cache hit)
npm http cache form-data@https://registry.npmjs.com/form-data/-/form-data-4.0.3.tgz 0ms (cache hit)
npm http cache gensync@https://registry.npmjs.com/gensync/-/gensync-1.0.0-beta.2.tgz 0ms (cache hit)
npm http cache follow-redirects@https://registry.npmjs.com/follow-redirects/-/follow-redirects-1.15.9.tgz 0ms (cache hit)
npm http cache flat-cache@https://registry.npmjs.com/flat-cache/-/flat-cache-4.0.1.tgz 0ms (cache hit)
npm http cache flatted@https://registry.npmjs.com/flatted/-/flatted-3.3.3.tgz 0ms (cache hit)
npm http cache fill-range@https://registry.npmjs.com/fill-range/-/fill-range-7.1.1.tgz 0ms (cache hit)
npm http cache find-up@https://registry.npmjs.com/find-up/-/find-up-5.0.0.tgz 0ms (cache hit)
npm http cache fast-levenshtein@https://registry.npmjs.com/fast-levenshtein/-/fast-levenshtein-2.0.6.tgz 0ms (cache hit)
npm http cache fastq@https://registry.npmjs.com/fastq/-/fastq-1.19.1.tgz 0ms (cache hit)
npm http cache file-entry-cache@https://registry.npmjs.com/file-entry-cache/-/file-entry-cache-8.0.0.tgz 0ms (cache hit)
npm http cache fast-json-stable-stringify@https://registry.npmjs.com/fast-json-stable-stringify/-/fast-json-stable-stringify-2.1.0.tgz 0ms (cache hit)
npm http cache fast-equals@https://registry.npmjs.com/fast-equals/-/fast-equals-5.2.2.tgz 0ms (cache hit)
npm http cache eventemitter3@https://registry.npmjs.com/eventemitter3/-/eventemitter3-4.0.7.tgz 0ms (cache hit)
npm http cache fast-glob@https://registry.npmjs.com/fast-glob/-/fast-glob-3.3.3.tgz 0ms (cache hit)
npm http cache fast-deep-equal@https://registry.npmjs.com/fast-deep-equal/-/fast-deep-equal-3.1.3.tgz 0ms (cache hit)
npm http cache esutils@https://registry.npmjs.com/esutils/-/esutils-2.0.3.tgz 0ms (cache hit)
npm http cache estraverse@https://registry.npmjs.com/estraverse/-/estraverse-5.3.0.tgz 0ms (cache hit)
npm http cache esquery@https://registry.npmjs.com/esquery/-/esquery-1.6.0.tgz 0ms (cache hit)
npm http cache escalade@https://registry.npmjs.com/escalade/-/escalade-3.2.0.tgz 0ms (cache hit)
npm http cache esrecurse@https://registry.npmjs.com/esrecurse/-/esrecurse-4.3.0.tgz 0ms (cache hit)
npm http cache eslint-visitor-keys@https://registry.npmjs.com/eslint-visitor-keys/-/eslint-visitor-keys-4.2.0.tgz 0ms (cache hit)
npm http cache espree@https://registry.npmjs.com/espree/-/espree-10.3.0.tgz 0ms (cache hit)
npm http cache eslint-scope@https://registry.npmjs.com/eslint-scope/-/eslint-scope-8.3.0.tgz 0ms (cache hit)
npm http cache eslint-plugin-react-refresh@https://registry.npmjs.com/eslint-plugin-react-refresh/-/eslint-plugin-react-refresh-0.4.20.tgz 0ms (cache hit)
npm http cache eslint-plugin-react-hooks@https://registry.npmjs.com/eslint-plugin-react-hooks/-/eslint-plugin-react-hooks-5.2.0.tgz 0ms (cache hit)
npm http cache escape-string-regexp@https://registry.npmjs.com/escape-string-regexp/-/escape-string-regexp-4.0.0.tgz 0ms (cache hit)
npm http cache eslint@https://registry.npmjs.com/eslint/-/eslint-9.28.0.tgz 0ms (cache hit)
npm http cache esbuild@https://registry.npmjs.com/esbuild/-/esbuild-0.25.5.tgz 0ms (cache hit)
npm http cache es-set-tostringtag@https://registry.npmjs.com/es-set-tostringtag/-/es-set-tostringtag-2.1.0.tgz 0ms (cache hit)
npm http cache es-object-atoms@https://registry.npmjs.com/es-object-atoms/-/es-object-atoms-1.1.1.tgz 0ms (cache hit)
npm http cache es-errors@https://registry.npmjs.com/es-errors/-/es-errors-1.3.0.tgz 0ms (cache hit)
npm http cache electron-to-chromium@https://registry.npmjs.com/electron-to-chromium/-/electron-to-chromium-1.5.161.tgz 0ms (cache hit)
npm http cache es-define-property@https://registry.npmjs.com/es-define-property/-/es-define-property-1.0.1.tgz 0ms (cache hit)
npm http cache enhanced-resolve@https://registry.npmjs.com/enhanced-resolve/-/enhanced-resolve-5.18.1.tgz 0ms (cache hit)
npm http cache dunder-proto@https://registry.npmjs.com/dunder-proto/-/dunder-proto-1.0.1.tgz 0ms (cache hit)
npm http cache dom-helpers@https://registry.npmjs.com/dom-helpers/-/dom-helpers-5.2.1.tgz 0ms (cache hit)
npm http cache detect-node-es@https://registry.npmjs.com/detect-node-es/-/detect-node-es-1.1.0.tgz 0ms (cache hit)
npm http cache deep-is@https://registry.npmjs.com/deep-is/-/deep-is-0.1.4.tgz 0ms (cache hit)
npm http cache delayed-stream@https://registry.npmjs.com/delayed-stream/-/delayed-stream-1.0.0.tgz 0ms (cache hit)
npm http cache decimal.js-light@https://registry.npmjs.com/decimal.js-light/-/decimal.js-light-2.5.1.tgz 0ms (cache hit)
npm http cache debug@https://registry.npmjs.com/debug/-/debug-4.4.1.tgz 0ms (cache hit)
npm http cache detect-libc@https://registry.npmjs.com/detect-libc/-/detect-libc-2.0.4.tgz 0ms (cache hit)
npm http cache d3-timer@https://registry.npmjs.com/d3-timer/-/d3-timer-3.0.1.tgz 0ms (cache hit)
npm http cache d3-time-format@https://registry.npmjs.com/d3-time-format/-/d3-time-format-4.1.0.tgz 0ms (cache hit)
npm http cache d3-path@https://registry.npmjs.com/d3-path/-/d3-path-3.1.0.tgz 0ms (cache hit)
npm http cache d3-time@https://registry.npmjs.com/d3-time/-/d3-time-3.1.0.tgz 0ms (cache hit)
npm http cache d3-interpolate@https://registry.npmjs.com/d3-interpolate/-/d3-interpolate-3.0.1.tgz 0ms (cache hit)
npm http cache d3-shape@https://registry.npmjs.com/d3-shape/-/d3-shape-3.2.0.tgz 0ms (cache hit)
npm http cache d3-scale@https://registry.npmjs.com/d3-scale/-/d3-scale-4.0.2.tgz 0ms (cache hit)
npm http cache d3-format@https://registry.npmjs.com/d3-format/-/d3-format-3.1.0.tgz 0ms (cache hit)
npm http cache d3-ease@https://registry.npmjs.com/d3-ease/-/d3-ease-3.0.1.tgz 0ms (cache hit)
npm http cache d3-array@https://registry.npmjs.com/d3-array/-/d3-array-3.2.4.tgz 0ms (cache hit)
npm http cache d3-color@https://registry.npmjs.com/d3-color/-/d3-color-3.1.0.tgz 0ms (cache hit)
npm http cache csstype@https://registry.npmjs.com/csstype/-/csstype-3.1.3.tgz 0ms (cache hit)
npm http cache cross-spawn@https://registry.npmjs.com/cross-spawn/-/cross-spawn-7.0.6.tgz 0ms (cache hit)
npm http cache convert-source-map@https://registry.npmjs.com/convert-source-map/-/convert-source-map-2.0.0.tgz 0ms (cache hit)
npm http cache combined-stream@https://registry.npmjs.com/combined-stream/-/combined-stream-1.0.8.tgz 0ms (cache hit)
npm http cache concat-map@https://registry.npmjs.com/concat-map/-/concat-map-0.0.1.tgz 0ms (cache hit)
npm http cache color-name@https://registry.npmjs.com/color-name/-/color-name-1.1.4.tgz 0ms (cache hit)
npm http cache clsx@https://registry.npmjs.com/clsx/-/clsx-2.1.1.tgz 0ms (cache hit)
npm http cache color-convert@https://registry.npmjs.com/color-convert/-/color-convert-2.0.1.tgz 0ms (cache hit)
npm http cache cookie@https://registry.npmjs.com/cookie/-/cookie-1.0.2.tgz 0ms (cache hit)
npm http cache class-variance-authority@https://registry.npmjs.com/class-variance-authority/-/class-variance-authority-0.7.1.tgz 0ms (cache hit)
npm http cache chalk@https://registry.npmjs.com/chalk/-/chalk-4.1.2.tgz 0ms (cache hit)
npm http cache caniuse-lite@https://registry.npmjs.com/caniuse-lite/-/caniuse-lite-1.0.30001720.tgz 0ms (cache hit)
npm http cache callsites@https://registry.npmjs.com/callsites/-/callsites-3.1.0.tgz 0ms (cache hit)
npm http cache braces@https://registry.npmjs.com/braces/-/braces-3.0.3.tgz 0ms (cache hit)
npm http cache call-bind-apply-helpers@https://registry.npmjs.com/call-bind-apply-helpers/-/call-bind-apply-helpers-1.0.2.tgz 0ms (cache hit)
npm http cache browserslist@https://registry.npmjs.com/browserslist/-/browserslist-4.25.0.tgz 0ms (cache hit)
npm http cache brace-expansion@https://registry.npmjs.com/brace-expansion/-/brace-expansion-1.1.11.tgz 0ms (cache hit)
npm http cache balanced-match@https://registry.npmjs.com/balanced-match/-/balanced-match-1.0.2.tgz 0ms (cache hit)
npm http cache axios@https://registry.npmjs.com/axios/-/axios-1.9.0.tgz 0ms (cache hit)
npm http cache aria-hidden@https://registry.npmjs.com/aria-hidden/-/aria-hidden-1.2.6.tgz 0ms (cache hit)
npm http cache argparse@https://registry.npmjs.com/argparse/-/argparse-2.0.1.tgz 0ms (cache hit)
npm http cache asynckit@https://registry.npmjs.com/asynckit/-/asynckit-0.4.0.tgz 0ms (cache hit)
npm http cache ajv@https://registry.npmjs.com/ajv/-/ajv-6.12.6.tgz 0ms (cache hit)
npm http cache ansi-styles@https://registry.npmjs.com/ansi-styles/-/ansi-styles-4.3.0.tgz 0ms (cache hit)
npm http cache acorn@https://registry.npmjs.com/acorn/-/acorn-8.14.1.tgz 0ms (cache hit)
npm http cache acorn-jsx@https://registry.npmjs.com/acorn-jsx/-/acorn-jsx-5.3.2.tgz 0ms (cache hit)
npm http cache ignore@https://registry.npmjs.com/ignore/-/ignore-7.0.5.tgz 0ms (cache hit)
npm http cache minimatch@https://registry.npmjs.com/minimatch/-/minimatch-9.0.5.tgz 0ms (cache hit)
npm http cache brace-expansion@https://registry.npmjs.com/brace-expansion/-/brace-expansion-2.0.1.tgz 0ms (cache hit)
npm http cache semver@https://registry.npmjs.com/semver/-/semver-7.7.2.tgz 0ms (cache hit)
npm http cache eslint-visitor-keys@https://registry.npmjs.com/eslint-visitor-keys/-/eslint-visitor-keys-3.4.3.tgz 0ms (cache hit)
npm http cache @humanwhocodes/retry@https://registry.npmjs.com/@humanwhocodes/retry/-/retry-0.3.1.tgz 0ms (cache hit)
npm http cache globals@https://registry.npmjs.com/globals/-/globals-14.0.0.tgz 0ms (cache hit)
npm http cache globals@https://registry.npmjs.com/globals/-/globals-11.12.0.tgz 0ms (cache hit)
npm http cache picomatch@https://registry.npmjs.com/picomatch/-/picomatch-4.0.2.tgz 0ms (cache hit)
npm http cache fdir@https://registry.npmjs.com/fdir/-/fdir-6.4.5.tgz 0ms (cache hit)
npm http cache yallist@https://registry.npmjs.com/yallist/-/yallist-5.0.0.tgz 0ms (cache hit)
npm http cache fdir@https://registry.npmjs.com/fdir/-/fdir-6.4.5.tgz 0ms (cache hit)
npm http cache react-is@https://registry.npmjs.com/react-is/-/react-is-16.13.1.tgz 0ms (cache hit)
npm http cache picomatch@https://registry.npmjs.com/picomatch/-/picomatch-4.0.2.tgz 0ms (cache hit)
npm http cache glob-parent@https://registry.npmjs.com/glob-parent/-/glob-parent-5.1.2.tgz 0ms (cache hit)
npm verbose audit error FetchError: request to https://registry.npmjs.com/-/npm/v1/security/advisories/bulk failed, reason: read ECONNRESET
npm verbose audit error     at ClientRequest.<anonymous> (C:\PROGRA~1\nodejs\node_modules\npm\node_modules\minipass-fetch\lib\index.js:130:14)
npm verbose audit error     at ClientRequest.emit (node:events:509:28)
npm verbose audit error     at emitErrorEvent (node:_http_client:109:11)
npm verbose audit error     at _destroy (node:_http_client:993:9)
npm verbose audit error     at onSocketNT (node:_http_client:1013:5)
npm verbose audit error     at process.processTicksAndRejections (node:internal/process/task_queues:91:21) {
npm verbose audit error   code: 'ECONNRESET',
npm verbose audit error   errno: 'ECONNRESET',
npm verbose audit error   syscall: 'read',
npm verbose audit error   type: 'system'
npm verbose audit error }
npm http fetch GET https://registry.npmjs.com/@typescript-eslint/types/-/types-8.33.0.tgz attempt 1 failed with ECONNRESET
npm http fetch GET https://registry.npmjs.com/@typescript-eslint/typescript-estree/-/typescript-estree-8.33.0.tgz attempt 1 failed with ECONNRESET
npm http fetch GET https://registry.npmjs.com/chownr/-/chownr-3.0.0.tgz attempt 1 failed with ECONNRESET
npm http fetch GET https://registry.npmjs.com/@typescript-eslint/scope-manager/-/scope-manager-8.33.0.tgz attempt 1 failed with ECONNRESET
npm http fetch GET https://registry.npmjs.com/@typescript-eslint/tsconfig-utils/-/tsconfig-utils-8.33.0.tgz attempt 1 failed with ECONNRESET
npm http fetch GET https://registry.npmjs.com/@typescript-eslint/type-utils/-/type-utils-8.33.0.tgz attempt 1 failed with ECONNRESET
npm http fetch GET https://registry.npmjs.com/@vitejs/plugin-react/-/plugin-react-4.5.0.tgz attempt 1 failed with ECONNRESET
npm http fetch GET https://registry.npmjs.com/@typescript-eslint/utils/-/utils-8.33.0.tgz attempt 1 failed with ECONNRESET
npm http fetch GET https://registry.npmjs.com/@typescript-eslint/visitor-keys/-/visitor-keys-8.33.0.tgz attempt 1 failed with ECONNRESET
npm http fetch GET https://registry.npmjs.com/@typescript-eslint/project-service/-/project-service-8.33.0.tgz attempt 1 failed with ECONNRESET
npm http fetch GET https://registry.npmjs.com/@typescript-eslint/parser/-/parser-8.33.0.tgz attempt 1 failed with ECONNRESET
npm http fetch GET https://registry.npmjs.com/@types/react-dom/-/react-dom-19.1.5.tgz attempt 1 failed with ECONNRESET
npm http fetch GET https://registry.npmjs.com/@typescript-eslint/eslint-plugin/-/eslint-plugin-8.33.0.tgz attempt 1 failed with ECONNRESET
npm http fetch GET https://registry.npmjs.com/@types/react/-/react-19.1.6.tgz attempt 1 failed with ECONNRESET
npm http fetch GET https://registry.npmjs.com/@types/react/-/react-19.1.6.tgz attempt 2 failed with ECONNRESET
npm http fetch GET https://registry.npmjs.com/@typescript-eslint/project-service/-/project-service-8.33.0.tgz attempt 2 failed with ECONNRESET
npm http fetch GET https://registry.npmjs.com/@vitejs/plugin-react/-/plugin-react-4.5.0.tgz attempt 2 failed with ECONNRESET
npm http fetch GET https://registry.npmjs.com/@typescript-eslint/type-utils/-/type-utils-8.33.0.tgz attempt 2 failed with ECONNRESET
npm http fetch GET https://registry.npmjs.com/@typescript-eslint/typescript-estree/-/typescript-estree-8.33.0.tgz attempt 2 failed with ECONNRESET
npm http fetch GET https://registry.npmjs.com/chownr/-/chownr-3.0.0.tgz attempt 2 failed with ECONNRESET
npm http fetch GET https://registry.npmjs.com/@typescript-eslint/visitor-keys/-/visitor-keys-8.33.0.tgz attempt 2 failed with ECONNRESET
npm http fetch GET https://registry.npmjs.com/@typescript-eslint/types/-/types-8.33.0.tgz attempt 2 failed with ECONNRESET
npm http fetch GET https://registry.npmjs.com/@typescript-eslint/tsconfig-utils/-/tsconfig-utils-8.33.0.tgz attempt 2 failed with ECONNRESET
npm http fetch GET https://registry.npmjs.com/@typescript-eslint/utils/-/utils-8.33.0.tgz attempt 2 failed with ECONNRESET
npm http fetch GET https://registry.npmjs.com/@types/react-dom/-/react-dom-19.1.5.tgz attempt 2 failed with ECONNRESET
npm http fetch GET https://registry.npmjs.com/@typescript-eslint/scope-manager/-/scope-manager-8.33.0.tgz attempt 2 failed with ECONNRESET
npm http fetch GET https://registry.npmjs.com/@typescript-eslint/parser/-/parser-8.33.0.tgz attempt 2 failed with ECONNRESET
npm http fetch GET https://registry.npmjs.com/@typescript-eslint/eslint-plugin/-/eslint-plugin-8.33.0.tgz attempt 2 failed with ECONNRESET
^CDeseja finalizar o arquivo em lotes (S/N)? 